TN:
SF:src/controllers/auth.controller.js
FN:6,(anonymous_0)
FN:40,(anonymous_1)
FN:65,(anonymous_2)
FNF:3
FNH:3
FNDA:5,(anonymous_0)
FNDA:4,(anonymous_1)
FNDA:4,(anonymous_2)
DA:1,1
DA:2,1
DA:3,1
DA:4,1
DA:6,1
DA:7,5
DA:8,5
DA:9,5
DA:10,4
DA:12,3
DA:13,3
DA:15,3
DA:16,3
DA:26,2
DA:27,1
DA:30,1
DA:33,3
DA:35,1
DA:36,1
DA:40,1
DA:41,4
DA:42,4
DA:43,4
DA:44,3
DA:46,2
DA:47,2
DA:49,1
DA:59,1
DA:61,1
DA:65,1
DA:66,4
DA:67,4
DA:68,4
DA:70,3
DA:71,3
DA:73,2
DA:74,2
DA:76,1
DA:78,1
LF:39
LH:39
BRDA:10,0,0,1
BRDA:10,0,1,3
BRDA:26,1,0,1
BRDA:26,1,1,1
BRDA:44,2,0,1
BRDA:44,2,1,2
BRDA:47,3,0,1
BRDA:47,3,1,1
BRDA:68,4,0,1
BRDA:68,4,1,3
BRDA:74,5,0,1
BRDA:74,5,1,1
BRF:12
BRH:12
end_of_record
TN:
SF:src/models/user.model.js
FNF:0
FNH:0
DA:1,1
DA:3,1
DA:9,1
LF:3
LH:3
BRF:0
BRH:0
end_of_record
TN:
SF:src/routes/auth.routes.js
FNF:0
FNH:0
DA:1,0
DA:2,0
DA:4,0
DA:6,0
DA:7,0
DA:8,0
DA:10,0
LF:7
LH:0
BRF:0
BRH:0
end_of_record
